<?xml version="1.0" encoding="UTF-8"?>
<testsuite xmlns:xsi="http://www.w3.org/2001/XMLSchema-instance" xsi:noNamespaceSchemaLocation="https://maven.apache.org/surefire/maven-surefire-plugin/xsd/surefire-test-report-3.0.xsd" version="3.0" name="com.baeldung.seda.apachecamel.ApacheCamelSedaIntegrationTest" time="10.306" tests="2" errors="0" skipped="0" failures="0">
  <properties>
[...]
</properties>
  <testcase name="givenTextWithCapitalAndSmallCaseAndWithoutDuplicateWords_whenSendingTextToInputUri_thenWordCountReturnedAsMap" classname="com.baeldung.seda.apachecamel.ApacheCamelSedaIntegrationTest" time="5.236">
    <system-out><![CDATA[2024-04-15 00:16:40.527  INFO 4300 --- [           main] o.a.camel.test.junit5.CamelTestSupport   : ********************************************************************************
2024-04-15 00:16:40.527  INFO 4300 --- [           main] o.a.camel.test.junit5.CamelTestSupport   : Testing: givenTextWithCapitalAndSmallCaseAndWithoutDuplicateWords_whenSendingTextToInputUri_thenWordCountReturnedAsMap() (com.baeldung.seda.apachecamel.ApacheCamelSedaIntegrationTest)
2024-04-15 00:16:40.528  INFO 4300 --- [           main] o.a.camel.test.junit5.CamelTestSupport   : ********************************************************************************
2024-04-15 00:16:40.699  INFO 4300 --- [           main] o.a.c.impl.engine.AbstractCamelContext   : Apache Camel 3.20.4 (camel-1) is starting
2024-04-15 00:16:40.713  INFO 4300 --- [           main] o.a.c.impl.engine.AbstractCamelContext   : Routes startup (started:4)
2024-04-15 00:16:40.713  INFO 4300 --- [           main] o.a.c.impl.engine.AbstractCamelContext   :     Started route1 (seda://receiveText)
2024-04-15 00:16:40.713  INFO 4300 --- [           main] o.a.c.impl.engine.AbstractCamelContext   :     Started route2 (seda://splitWords)
2024-04-15 00:16:40.713  INFO 4300 --- [           main] o.a.c.impl.engine.AbstractCamelContext   :     Started route3 (seda://toLowerCase)
2024-04-15 00:16:40.713  INFO 4300 --- [           main] o.a.c.impl.engine.AbstractCamelContext   :     Started route4 (seda://countWords)
2024-04-15 00:16:40.713  INFO 4300 --- [           main] o.a.c.impl.engine.AbstractCamelContext   : Apache Camel 3.20.4 (camel-1) started in 106ms (build:22ms init:71ms start:13ms)
2024-04-15 00:16:40.719  INFO 4300 --- [           main] o.a.camel.component.mock.MockEndpoint    : Asserting: mock://result is satisfied
2024-04-15 00:16:41.735  INFO 4300 --- [           main] o.a.camel.test.junit5.CamelTestSupport   : ********************************************************************************
2024-04-15 00:16:41.735  INFO 4300 --- [           main] o.a.camel.test.junit5.CamelTestSupport   : Testing done: givenTextWithCapitalAndSmallCaseAndWithoutDuplicateWords_whenSendingTextToInputUri_thenWordCountReturnedAsMap() (com.baeldung.seda.apachecamel.ApacheCamelSedaIntegrationTest)
2024-04-15 00:16:41.735  INFO 4300 --- [           main] o.a.camel.test.junit5.CamelTestSupport   : Took: 1s (1020 millis)
2024-04-15 00:16:41.735  INFO 4300 --- [           main] o.a.camel.test.junit5.CamelTestSupport   : ********************************************************************************
2024-04-15 00:16:41.737  INFO 4300 --- [           main] o.a.c.impl.engine.AbstractCamelContext   : Apache Camel 3.20.4 (camel-1) is shutting down (timeout:10s)
2024-04-15 00:16:45.759  INFO 4300 --- [           main] o.a.c.impl.engine.AbstractCamelContext   : Routes stopped (stopped:4)
2024-04-15 00:16:45.759  INFO 4300 --- [           main] o.a.c.impl.engine.AbstractCamelContext   :     Stopped route4 (seda://countWords)
2024-04-15 00:16:45.759  INFO 4300 --- [           main] o.a.c.impl.engine.AbstractCamelContext   :     Stopped route3 (seda://toLowerCase)
2024-04-15 00:16:45.759  INFO 4300 --- [           main] o.a.c.impl.engine.AbstractCamelContext   :     Stopped route2 (seda://splitWords)
2024-04-15 00:16:45.759  INFO 4300 --- [           main] o.a.c.impl.engine.AbstractCamelContext   :     Stopped route1 (seda://receiveText)
2024-04-15 00:16:45.760  INFO 4300 --- [           main] o.a.c.impl.engine.AbstractCamelContext   : Apache Camel 3.20.4 (camel-1) shutdown in 4s23ms (uptime:5s)
]]></system-out>
  </testcase>
  <testcase name="givenTextWithDuplicateWords_whenSendingTextToInputUri_thenWordCountReturnedAsMap" classname="com.baeldung.seda.apachecamel.ApacheCamelSedaIntegrationTest" time="5.064">
    <system-out><![CDATA[2024-04-15 00:16:45.762  INFO 4300 --- [           main] o.a.camel.test.junit5.CamelTestSupport   : ********************************************************************************
2024-04-15 00:16:45.762  INFO 4300 --- [           main] o.a.camel.test.junit5.CamelTestSupport   : Testing: givenTextWithDuplicateWords_whenSendingTextToInputUri_thenWordCountReturnedAsMap() (com.baeldung.seda.apachecamel.ApacheCamelSedaIntegrationTest)
2024-04-15 00:16:45.762  INFO 4300 --- [           main] o.a.camel.test.junit5.CamelTestSupport   : ********************************************************************************
2024-04-15 00:16:45.770  INFO 4300 --- [           main] o.a.c.impl.engine.AbstractCamelContext   : Apache Camel 3.20.4 (camel-2) is starting
2024-04-15 00:16:45.772  INFO 4300 --- [           main] o.a.c.impl.engine.AbstractCamelContext   : Routes startup (started:4)
2024-04-15 00:16:45.772  INFO 4300 --- [           main] o.a.c.impl.engine.AbstractCamelContext   :     Started route5 (seda://receiveText)
2024-04-15 00:16:45.772  INFO 4300 --- [           main] o.a.c.impl.engine.AbstractCamelContext   :     Started route6 (seda://splitWords)
2024-04-15 00:16:45.772  INFO 4300 --- [           main] o.a.c.impl.engine.AbstractCamelContext   :     Started route7 (seda://toLowerCase)
2024-04-15 00:16:45.772  INFO 4300 --- [           main] o.a.c.impl.engine.AbstractCamelContext   :     Started route8 (seda://countWords)
2024-04-15 00:16:45.772  INFO 4300 --- [           main] o.a.c.impl.engine.AbstractCamelContext   : Apache Camel 3.20.4 (camel-2) started in 7ms (build:1ms init:4ms start:2ms)
2024-04-15 00:16:45.772  INFO 4300 --- [           main] o.a.camel.component.mock.MockEndpoint    : Asserting: mock://result is satisfied
2024-04-15 00:16:46.780  INFO 4300 --- [           main] o.a.camel.test.junit5.CamelTestSupport   : ********************************************************************************
2024-04-15 00:16:46.780  INFO 4300 --- [           main] o.a.camel.test.junit5.CamelTestSupport   : Testing done: givenTextWithDuplicateWords_whenSendingTextToInputUri_thenWordCountReturnedAsMap() (com.baeldung.seda.apachecamel.ApacheCamelSedaIntegrationTest)
2024-04-15 00:16:46.780  INFO 4300 --- [           main] o.a.camel.test.junit5.CamelTestSupport   : Took: 1s (1007 millis)
2024-04-15 00:16:46.780  INFO 4300 --- [           main] o.a.camel.test.junit5.CamelTestSupport   : ********************************************************************************
2024-04-15 00:16:46.780  INFO 4300 --- [           main] o.a.c.impl.engine.AbstractCamelContext   : Apache Camel 3.20.4 (camel-2) is shutting down (timeout:10s)
2024-04-15 00:16:50.825  INFO 4300 --- [           main] o.a.c.impl.engine.AbstractCamelContext   : Routes stopped (stopped:4)
2024-04-15 00:16:50.825  INFO 4300 --- [           main] o.a.c.impl.engine.AbstractCamelContext   :     Stopped route8 (seda://countWords)
2024-04-15 00:16:50.825  INFO 4300 --- [           main] o.a.c.impl.engine.AbstractCamelContext   :     Stopped route7 (seda://toLowerCase)
2024-04-15 00:16:50.825  INFO 4300 --- [           main] o.a.c.impl.engine.AbstractCamelContext   :     Stopped route6 (seda://splitWords)
2024-04-15 00:16:50.825  INFO 4300 --- [           main] o.a.c.impl.engine.AbstractCamelContext   :     Stopped route5 (seda://receiveText)
2024-04-15 00:16:50.825  INFO 4300 --- [           main] o.a.c.impl.engine.AbstractCamelContext   : Apache Camel 3.20.4 (camel-2) shutdown in 4s45ms (uptime:5s)
]]></system-out>
  </testcase>
</testsuite>